-------------------------------------------------------------------------------
Test set: com.diaspark.INB.InbApplicationTests
-------------------------------------------------------------------------------
Tests run: 1, Failures: 0, Errors: 1, Skipped: 0, Time elapsed: 12.05 s <<< FAILURE! - in com.diaspark.INB.InbApplicationTests
contextLoads(com.diaspark.INB.InbApplicationTests)  Time elapsed: 0.274 s  <<< ERROR!
java.lang.IllegalStateException: Failed to load ApplicationContext
Caused by: org.springframework.beans.factory.BeanCreationException: Error creating bean with name 'entityManagerFactory' defined in class path resource [org/springframework/boot/autoconfigure/orm/jpa/HibernateJpaConfiguration.class]: Invocation of init method failed; nested exception is org.hibernate.AnnotationException: No identifier specified for entity: com.diaspark.INB.entity.LoginUser
Caused by: org.hibernate.AnnotationException: No identifier specified for entity: com.diaspark.INB.entity.LoginUser

